<?xml version="1.0" encoding="UTF-8"?>
<testng-results ignored="0" total="1" passed="1" failed="0" skipped="0">
  <reporter-output>
  </reporter-output>
  <suite started-at="2025-12-11T07:58:34 IST" name="Default suite" finished-at="2025-12-11T07:58:38 IST" duration-ms="4945">
    <groups>
    </groups>
    <test started-at="2025-12-11T07:58:34 IST" name="Default test" finished-at="2025-12-11T07:58:38 IST" duration-ms="4945">
      <class name="com.tests.EndToEndTest">
        <test-method is-config="true" signature="setup()[pri:0, instance:com.tests.EndToEndTest@1283bb96]" started-at="2025-12-11T07:58:34 IST" name="setup" finished-at="2025-12-11T07:58:37 IST" duration-ms="3887" status="PASS">
          <reporter-output>
          </reporter-output>
        </test-method> <!-- setup -->
        <test-method signature="endtoendtest()[pri:0, instance:com.tests.EndToEndTest@1283bb96]" started-at="2025-12-11T07:58:37 IST" name="endtoendtest" finished-at="2025-12-11T07:58:38 IST" duration-ms="628" status="PASS">
          <reporter-output>
          </reporter-output>
        </test-method> <!-- endtoendtest -->
        <test-method is-config="true" signature="tearDown()[pri:0, instance:com.tests.EndToEndTest@1283bb96]" started-at="2025-12-11T07:58:38 IST" name="tearDown" finished-at="2025-12-11T07:58:38 IST" duration-ms="360" status="PASS">
          <reporter-output>
          </reporter-output>
        </test-method> <!-- tearDown -->
      </class> <!-- com.tests.EndToEndTest -->
    </test> <!-- Default test -->
  </suite> <!-- Default suite -->
</testng-results>
