<?xml version="1.0" encoding="UTF-8"?>
<testng-results ignored="0" total="1" passed="1" failed="0" skipped="0">
  <reporter-output>
  </reporter-output>
  <suite started-at="2025-12-12T08:20:09 IST" name="Default suite" finished-at="2025-12-12T08:20:16 IST" duration-ms="7064">
    <groups>
    </groups>
    <test started-at="2025-12-12T08:20:09 IST" name="Default test" finished-at="2025-12-12T08:20:16 IST" duration-ms="7064">
      <class name="com.tests.EndToEndTest">
        <test-method is-config="true" signature="setup()[pri:0, instance:com.tests.EndToEndTest@1283bb96]" started-at="2025-12-12T08:20:09 IST" name="setup" finished-at="2025-12-12T08:20:14 IST" duration-ms="4885" status="PASS">
          <reporter-output>
          </reporter-output>
        </test-method> <!-- setup -->
        <test-method signature="endtoendtest()[pri:0, instance:com.tests.EndToEndTest@1283bb96]" started-at="2025-12-12T08:20:14 IST" name="endtoendtest" finished-at="2025-12-12T08:20:16 IST" duration-ms="1711" status="PASS">
          <reporter-output>
          </reporter-output>
        </test-method> <!-- endtoendtest -->
        <test-method is-config="true" signature="tearDown()[pri:0, instance:com.tests.EndToEndTest@1283bb96]" started-at="2025-12-12T08:20:16 IST" name="tearDown" finished-at="2025-12-12T08:20:16 IST" duration-ms="384" status="PASS">
          <reporter-output>
          </reporter-output>
        </test-method> <!-- tearDown -->
      </class> <!-- com.tests.EndToEndTest -->
    </test> <!-- Default test -->
  </suite> <!-- Default suite -->
</testng-results>
